<?xml version="1.0" encoding="UTF-8"?>
<!-- Generated by org.testng.reporters.JUnitXMLReporter -->
<testsuite ignored="4" hostname="Dell" failures="0" tests="4" name="Test" time="111.919" errors="0" timestamp="2023-06-11T11:18:38 BDT">
  <testcase classname="Package2.Login" name="login" time="14.907"/>
  <testcase classname="Package2.contactForm" name="Newcontact" time="22.01"/>
  <testcase classname="Package2.contactForm" name="AddressBookInfo" time="41.695"/>
  <testcase classname="Package2.VerifyData" name="View" time="33.078"/>
  <testcase classname="Package1.BaseClass" name="@AfterSuite close" time="0.0">
    <ignored/>
  </testcase> <!-- @AfterSuite close -->
  <testcase classname="Package1.BaseClass" name="@AfterSuite close" time="0.0">
    <ignored/>
  </testcase> <!-- @AfterSuite close -->
  <testcase classname="Package1.BaseClass" name="@BeforeSuite geturl" time="0.0">
    <ignored/>
  </testcase> <!-- @BeforeSuite geturl -->
  <testcase classname="Package1.BaseClass" name="@BeforeSuite geturl" time="0.0">
    <ignored/>
  </testcase> <!-- @BeforeSuite geturl -->
</testsuite> <!-- Test -->
