<?xml version="1.0" encoding="UTF-8"?>
<testng-results ignored="4" total="8" passed="4" failed="0" skipped="0">
  <reporter-output>
  </reporter-output>
  <suite started-at="2023-06-11T11:16:46 BDT" name="Suite" finished-at="2023-06-11T11:18:38 BDT" duration-ms="111919">
    <groups>
    </groups>
    <test started-at="2023-06-11T11:16:46 BDT" name="Test" finished-at="2023-06-11T11:18:38 BDT" duration-ms="111919">
      <class name="Package2.VerifyData">
        <test-method signature="View()[pri:4, instance:Package2.VerifyData@59474f18]" started-at="2023-06-11T11:18:04 BDT" name="View" finished-at="2023-06-11T11:18:38 BDT" duration-ms="33078" status="PASS">
          <reporter-output>
          </reporter-output>
        </test-method> <!-- View -->
      </class> <!-- Package2.VerifyData -->
      <class name="Package2.contactForm">
        <test-method signature="Newcontact()[pri:2, instance:Package2.contactForm@34123d65]" started-at="2023-06-11T11:17:01 BDT" name="Newcontact" finished-at="2023-06-11T11:17:23 BDT" duration-ms="22010" status="PASS">
          <reporter-output>
          </reporter-output>
        </test-method> <!-- Newcontact -->
        <test-method signature="AddressBookInfo()[pri:3, instance:Package2.contactForm@34123d65]" started-at="2023-06-11T11:17:23 BDT" name="AddressBookInfo" finished-at="2023-06-11T11:18:04 BDT" duration-ms="41695" status="PASS">
          <reporter-output>
          </reporter-output>
        </test-method> <!-- AddressBookInfo -->
      </class> <!-- Package2.contactForm -->
      <class name="Package2.Login">
        <test-method is-config="true" signature="geturl()[pri:0, instance:Package2.Login@5656be13]" started-at="2023-06-11T11:16:19 BDT" name="geturl" finished-at="2023-06-11T11:16:46 BDT" duration-ms="26368" status="PASS">
          <reporter-output>
          </reporter-output>
        </test-method> <!-- geturl -->
        <test-method signature="login()[pri:1, instance:Package2.Login@5656be13]" started-at="2023-06-11T11:16:46 BDT" name="login" finished-at="2023-06-11T11:17:01 BDT" duration-ms="14907" status="PASS">
          <reporter-output>
          </reporter-output>
        </test-method> <!-- login -->
        <test-method is-config="true" signature="close()[pri:0, instance:Package2.Login@5656be13]" started-at="2023-06-11T11:18:38 BDT" name="close" finished-at="2023-06-11T11:18:46 BDT" duration-ms="8351" status="PASS">
          <reporter-output>
          </reporter-output>
        </test-method> <!-- close -->
      </class> <!-- Package2.Login -->
    </test> <!-- Test -->
  </suite> <!-- Suite -->
</testng-results>
